<?xml version="1.0" encoding="UTF-8"?>
<testsuites>
  <testsuite name="CodeIgniter Application Test Suite" tests="2" assertions="2" failures="0" errors="0" time="1.761850">
    <testsuite name="login_test" file="C:\xampp\htdocs\gr\application\tests\controllers\login_test.php" fullPackage="login" tests="2" assertions="2" failures="0" errors="0" time="1.761850">
      <testcase name="test_view_login" class="login_test" file="C:\xampp\htdocs\gr\application\tests\controllers\login_test.php" line="19" assertions="1" time="0.383595"/>
      <testcase name="test_login_masuk_berhasil" class="login_test" file="C:\xampp\htdocs\gr\application\tests\controllers\login_test.php" line="24" assertions="1" time="1.378255"/>
    </testsuite>
  </testsuite>
</testsuites>
